2025-02-18 16:01:19.383 [info] [main] Nivel de registro: Info
2025-02-18 16:01:19.383 [info] [main] Validando git encontrado en: "git"
2025-02-18 16:01:19.383 [info] [main] Usando git "2.43.0" de "git"
2025-02-18 16:01:19.383 [info] [Model][doInitialScan] Initial repository scan started
2025-02-18 16:01:19.383 [info] > git rev-parse --show-toplevel [153ms]
2025-02-18 16:01:19.383 [info] fatal: not a git repository (or any of the parent directories): .git
2025-02-18 16:01:19.383 [info] > git rev-parse --show-toplevel [3ms]
2025-02-18 16:01:19.383 [info] fatal: not a git repository (or any of the parent directories): .git
2025-02-18 16:01:19.383 [info] > git rev-parse --show-toplevel [3ms]
2025-02-18 16:01:19.383 [info] fatal: not a git repository (or any of the parent directories): .git
2025-02-18 16:01:19.390 [info] > git rev-parse --show-toplevel [3ms]
2025-02-18 16:01:19.390 [info] fatal: not a git repository (or any of the parent directories): .git
2025-02-18 16:01:19.409 [info] > git rev-parse --show-toplevel [2ms]
2025-02-18 16:01:19.410 [info] fatal: not a git repository (or any of the parent directories): .git
2025-02-18 16:01:19.431 [info] > git rev-parse --show-toplevel [7ms]
2025-02-18 16:01:19.431 [info] fatal: not a git repository (or any of the parent directories): .git
2025-02-18 16:01:19.443 [info] [Model][doInitialScan] Initial repository scan completed - repositories (0), closed repositories (0), parent repositories (0), unsafe repositories (0)
2025-02-18 16:01:23.101 [info] > git rev-parse --show-toplevel [2ms]
2025-02-18 16:01:23.101 [info] fatal: not a git repository (or any of the parent directories): .git
2025-02-18 16:03:44.755 [info] > git rev-parse --show-toplevel [84ms]
2025-02-18 16:03:44.759 [info] fatal: not a git repository (or any of the parent directories): .git
2025-02-18 16:03:53.485 [info] > git rev-parse --show-toplevel [6ms]
2025-02-18 16:03:53.485 [info] fatal: not a git repository (or any of the parent directories): .git
2025-02-18 16:04:32.398 [info] > git rev-parse --show-toplevel [12ms]
2025-02-18 16:04:32.398 [info] fatal: not a git repository (or any of the parent directories): .git
2025-02-18 16:08:37.713 [info] > git rev-parse --show-toplevel [39ms]
2025-02-18 16:08:37.716 [info] fatal: not a git repository (or any of the parent directories): .git
